<?xml version="1.0" encoding="UTF-8"?>
<robot generator="Rebot 3.1.2 (Python 3.7.4 on win32)" generated="20200108 21:18:06.194" rpa="false">
<suite id="s1" name="Test" source="C:\Users\Cr.sis\Documents\project\testdemo\test">
<suite id="s1-s1" name="Test1" source="C:\Users\Cr.sis\Documents\project\testdemo\test\test1.txt">
<test id="s1-s1-t1" name="1">
<kw name="Sleep" library="BuiltIn">
<doc>Pauses the test executed for the given time.</doc>
<arguments>
<arg>10</arg>
</arguments>
<msg timestamp="20200108 21:17:45.128" level="INFO">Slept 10 seconds</msg>
<status status="PASS" starttime="20200108 21:17:35.127" endtime="20200108 21:17:45.128"></status>
</kw>
<kw name="Log" library="BuiltIn">
<doc>Logs the given message with the given level.</doc>
<arguments>
<arg>1</arg>
</arguments>
<msg timestamp="20200108 21:17:45.128" level="INFO">1</msg>
<status status="PASS" starttime="20200108 21:17:45.128" endtime="20200108 21:17:45.128"></status>
</kw>
<status status="PASS" starttime="20200108 21:17:35.126" endtime="20200108 21:17:45.128" critical="yes"></status>
</test>
<status status="PASS" starttime="20200108 21:17:35.125" endtime="20200108 21:17:45.129"></status>
</suite>
<suite id="s1-s2" name="Test2" source="C:\Users\Cr.sis\Documents\project\testdemo\test\test2.txt">
<test id="s1-s2-t1" name="2">
<kw name="Sleep" library="BuiltIn">
<doc>Pauses the test executed for the given time.</doc>
<arguments>
<arg>10</arg>
</arguments>
<msg timestamp="20200108 21:17:45.128" level="INFO">Slept 10 seconds</msg>
<status status="PASS" starttime="20200108 21:17:35.127" endtime="20200108 21:17:45.128"></status>
</kw>
<kw name="Log" library="BuiltIn">
<doc>Logs the given message with the given level.</doc>
<arguments>
<arg>2</arg>
</arguments>
<msg timestamp="20200108 21:17:45.128" level="INFO">2</msg>
<status status="PASS" starttime="20200108 21:17:45.128" endtime="20200108 21:17:45.128"></status>
</kw>
<status status="PASS" starttime="20200108 21:17:35.126" endtime="20200108 21:17:45.128" critical="yes"></status>
</test>
<status status="PASS" starttime="20200108 21:17:35.125" endtime="20200108 21:17:45.129"></status>
</suite>
<suite id="s1-s3" name="Test3" source="C:\Users\Cr.sis\Documents\project\testdemo\test\test3.txt">
<test id="s1-s3-t1" name="3">
<kw name="Sleep" library="BuiltIn">
<doc>Pauses the test executed for the given time.</doc>
<arguments>
<arg>10</arg>
</arguments>
<msg timestamp="20200108 21:17:45.128" level="INFO">Slept 10 seconds</msg>
<status status="PASS" starttime="20200108 21:17:35.127" endtime="20200108 21:17:45.128"></status>
</kw>
<kw name="Log" library="BuiltIn">
<doc>Logs the given message with the given level.</doc>
<arguments>
<arg>3</arg>
</arguments>
<msg timestamp="20200108 21:17:45.128" level="INFO">3</msg>
<status status="PASS" starttime="20200108 21:17:45.128" endtime="20200108 21:17:45.128"></status>
</kw>
<status status="PASS" starttime="20200108 21:17:35.127" endtime="20200108 21:17:45.128" critical="yes"></status>
</test>
<status status="PASS" starttime="20200108 21:17:35.125" endtime="20200108 21:17:45.129"></status>
</suite>
<suite id="s1-s4" name="Test4" source="C:\Users\Cr.sis\Documents\project\testdemo\test\test4.txt">
<test id="s1-s4-t1" name="4">
<kw name="Sleep" library="BuiltIn">
<doc>Pauses the test executed for the given time.</doc>
<arguments>
<arg>10</arg>
</arguments>
<msg timestamp="20200108 21:17:55.587" level="INFO">Slept 10 seconds</msg>
<status status="PASS" starttime="20200108 21:17:45.586" endtime="20200108 21:17:55.587"></status>
</kw>
<kw name="Log" library="BuiltIn">
<doc>Logs the given message with the given level.</doc>
<arguments>
<arg>4</arg>
</arguments>
<msg timestamp="20200108 21:17:55.587" level="INFO">4</msg>
<status status="PASS" starttime="20200108 21:17:55.587" endtime="20200108 21:17:55.587"></status>
</kw>
<status status="PASS" starttime="20200108 21:17:45.586" endtime="20200108 21:17:55.587" critical="yes"></status>
</test>
<status status="PASS" starttime="20200108 21:17:45.585" endtime="20200108 21:17:55.588"></status>
</suite>
<suite id="s1-s5" name="Test5" source="C:\Users\Cr.sis\Documents\project\testdemo\test\test5.txt">
<test id="s1-s5-t1" name="5">
<kw name="Sleep" library="BuiltIn">
<doc>Pauses the test executed for the given time.</doc>
<arguments>
<arg>10</arg>
</arguments>
<msg timestamp="20200108 21:17:55.587" level="INFO">Slept 10 seconds</msg>
<status status="PASS" starttime="20200108 21:17:45.585" endtime="20200108 21:17:55.587"></status>
</kw>
<kw name="Log" library="BuiltIn">
<doc>Logs the given message with the given level.</doc>
<arguments>
<arg>5</arg>
</arguments>
<msg timestamp="20200108 21:17:55.587" level="INFO">5</msg>
<status status="PASS" starttime="20200108 21:17:55.587" endtime="20200108 21:17:55.587"></status>
</kw>
<status status="PASS" starttime="20200108 21:17:45.585" endtime="20200108 21:17:55.587" critical="yes"></status>
</test>
<status status="PASS" starttime="20200108 21:17:45.584" endtime="20200108 21:17:55.588"></status>
</suite>
<suite id="s1-s6" name="Test6" source="C:\Users\Cr.sis\Documents\project\testdemo\test\test6.txt">
<test id="s1-s6-t1" name="6">
<kw name="Sleep" library="BuiltIn">
<doc>Pauses the test executed for the given time.</doc>
<arguments>
<arg>10</arg>
</arguments>
<msg timestamp="20200108 21:17:55.591" level="INFO">Slept 10 seconds</msg>
<status status="PASS" starttime="20200108 21:17:45.589" endtime="20200108 21:17:55.591"></status>
</kw>
<kw name="Log" library="BuiltIn">
<doc>Logs the given message with the given level.</doc>
<arguments>
<arg>6</arg>
</arguments>
<msg timestamp="20200108 21:17:55.591" level="INFO">6</msg>
<status status="PASS" starttime="20200108 21:17:55.591" endtime="20200108 21:17:55.591"></status>
</kw>
<status status="PASS" starttime="20200108 21:17:45.589" endtime="20200108 21:17:55.591" critical="yes"></status>
</test>
<status status="PASS" starttime="20200108 21:17:45.588" endtime="20200108 21:17:55.592"></status>
</suite>
<suite id="s1-s7" name="Test7" source="C:\Users\Cr.sis\Documents\project\testdemo\test\test7.txt">
<test id="s1-s7-t1" name="7">
<kw name="Sleep" library="BuiltIn">
<doc>Pauses the test executed for the given time.</doc>
<arguments>
<arg>10</arg>
</arguments>
<msg timestamp="20200108 21:18:05.974" level="INFO">Slept 10 seconds</msg>
<status status="PASS" starttime="20200108 21:17:55.973" endtime="20200108 21:18:05.974"></status>
</kw>
<kw name="Log" library="BuiltIn">
<doc>Logs the given message with the given level.</doc>
<arguments>
<arg>7</arg>
</arguments>
<msg timestamp="20200108 21:18:05.974" level="INFO">7</msg>
<status status="PASS" starttime="20200108 21:18:05.974" endtime="20200108 21:18:05.974"></status>
</kw>
<status status="PASS" starttime="20200108 21:17:55.973" endtime="20200108 21:18:05.974" critical="yes"></status>
</test>
<status status="PASS" starttime="20200108 21:17:55.971" endtime="20200108 21:18:05.974"></status>
</suite>
<suite id="s1-s8" name="Test8" source="C:\Users\Cr.sis\Documents\project\testdemo\test\test8.txt">
<test id="s1-s8-t1" name="8">
<kw name="Sleep" library="BuiltIn">
<doc>Pauses the test executed for the given time.</doc>
<arguments>
<arg>10</arg>
</arguments>
<msg timestamp="20200108 21:18:05.974" level="INFO">Slept 10 seconds</msg>
<status status="PASS" starttime="20200108 21:17:55.972" endtime="20200108 21:18:05.974"></status>
</kw>
<kw name="Log" library="BuiltIn">
<doc>Logs the given message with the given level.</doc>
<arguments>
<arg>8</arg>
</arguments>
<msg timestamp="20200108 21:18:05.974" level="INFO">8</msg>
<status status="PASS" starttime="20200108 21:18:05.974" endtime="20200108 21:18:05.974"></status>
</kw>
<status status="PASS" starttime="20200108 21:17:55.972" endtime="20200108 21:18:05.974" critical="yes"></status>
</test>
<status status="PASS" starttime="20200108 21:17:55.971" endtime="20200108 21:18:05.974"></status>
</suite>
<suite id="s1-s9" name="Test9" source="C:\Users\Cr.sis\Documents\project\testdemo\test\test9.txt">
<test id="s1-s9-t1" name="9">
<kw name="Sleep" library="BuiltIn">
<doc>Pauses the test executed for the given time.</doc>
<arguments>
<arg>10</arg>
</arguments>
<msg timestamp="20200108 21:18:05.974" level="INFO">Slept 10 seconds</msg>
<status status="PASS" starttime="20200108 21:17:55.974" endtime="20200108 21:18:05.974"></status>
</kw>
<kw name="Log" library="BuiltIn">
<doc>Logs the given message with the given level.</doc>
<arguments>
<arg>9</arg>
</arguments>
<msg timestamp="20200108 21:18:05.974" level="INFO">9</msg>
<status status="PASS" starttime="20200108 21:18:05.974" endtime="20200108 21:18:05.974"></status>
</kw>
<status status="PASS" starttime="20200108 21:17:55.973" endtime="20200108 21:18:05.974" critical="yes"></status>
</test>
<status status="PASS" starttime="20200108 21:17:55.972" endtime="20200108 21:18:05.975"></status>
</suite>
<doc>[https://pabot.org/?ref=log|Pabot] result from 9 executions.</doc>
<status status="PASS" starttime="20200108 21:17:35.108" endtime="20200108 21:18:05.975"></status>
</suite>
<statistics>
<total>
<stat pass="9" fail="0">Critical Tests</stat>
<stat pass="9" fail="0">All Tests</stat>
</total>
<tag>
</tag>
<suite>
<stat pass="9" fail="0" id="s1" name="Test">Test</stat>
<stat pass="1" fail="0" id="s1-s1" name="Test1">Test.Test1</stat>
<stat pass="1" fail="0" id="s1-s2" name="Test2">Test.Test2</stat>
<stat pass="1" fail="0" id="s1-s3" name="Test3">Test.Test3</stat>
<stat pass="1" fail="0" id="s1-s4" name="Test4">Test.Test4</stat>
<stat pass="1" fail="0" id="s1-s5" name="Test5">Test.Test5</stat>
<stat pass="1" fail="0" id="s1-s6" name="Test6">Test.Test6</stat>
<stat pass="1" fail="0" id="s1-s7" name="Test7">Test.Test7</stat>
<stat pass="1" fail="0" id="s1-s8" name="Test8">Test.Test8</stat>
<stat pass="1" fail="0" id="s1-s9" name="Test9">Test.Test9</stat>
</suite>
</statistics>
<errors>
<msg timestamp="20200108 21:17:35.104" level="WARN">Automatically parsing other than '*.robot' files is deprecated. Convert 'C:\Users\Cr.sis\Documents\project\testdemo\test\test1.txt' to '*.robot' format or use '--extension' to explicitly configure which files to parse.</msg>
<msg timestamp="20200108 21:17:35.104" level="WARN">Automatically parsing other than '*.robot' files is deprecated. Convert 'C:\Users\Cr.sis\Documents\project\testdemo\test\test2.txt' to '*.robot' format or use '--extension' to explicitly configure which files to parse.</msg>
<msg timestamp="20200108 21:17:35.105" level="WARN">Automatically parsing other than '*.robot' files is deprecated. Convert 'C:\Users\Cr.sis\Documents\project\testdemo\test\test3.txt' to '*.robot' format or use '--extension' to explicitly configure which files to parse.</msg>
<msg timestamp="20200108 21:17:45.562" level="WARN">Automatically parsing other than '*.robot' files is deprecated. Convert 'C:\Users\Cr.sis\Documents\project\testdemo\test\test4.txt' to '*.robot' format or use '--extension' to explicitly configure which files to parse.</msg>
<msg timestamp="20200108 21:17:45.562" level="WARN">Automatically parsing other than '*.robot' files is deprecated. Convert 'C:\Users\Cr.sis\Documents\project\testdemo\test\test5.txt' to '*.robot' format or use '--extension' to explicitly configure which files to parse.</msg>
<msg timestamp="20200108 21:17:45.567" level="WARN">Automatically parsing other than '*.robot' files is deprecated. Convert 'C:\Users\Cr.sis\Documents\project\testdemo\test\test6.txt' to '*.robot' format or use '--extension' to explicitly configure which files to parse.</msg>
<msg timestamp="20200108 21:17:55.950" level="WARN">Automatically parsing other than '*.robot' files is deprecated. Convert 'C:\Users\Cr.sis\Documents\project\testdemo\test\test7.txt' to '*.robot' format or use '--extension' to explicitly configure which files to parse.</msg>
<msg timestamp="20200108 21:17:55.950" level="WARN">Automatically parsing other than '*.robot' files is deprecated. Convert 'C:\Users\Cr.sis\Documents\project\testdemo\test\test8.txt' to '*.robot' format or use '--extension' to explicitly configure which files to parse.</msg>
<msg timestamp="20200108 21:17:55.951" level="WARN">Automatically parsing other than '*.robot' files is deprecated. Convert 'C:\Users\Cr.sis\Documents\project\testdemo\test\test9.txt' to '*.robot' format or use '--extension' to explicitly configure which files to parse.</msg>
</errors>
</robot>
