<?xml version="1.0" encoding="UTF-8"?>
<robot generator="Robot 3.1.2 (Python 3.7.4 on win32)" generated="20200108 21:17:35.107" rpa="false">
<suite id="s1" name="Test" source="C:\Users\Cr.sis\Documents\project\testdemo\test">
<suite id="s1-s1" name="Test2" source="C:\Users\Cr.sis\Documents\project\testdemo\test\test2.txt">
<test id="s1-s1-t1" name="2">
<kw name="Sleep" library="BuiltIn">
<doc>Pauses the test executed for the given time.</doc>
<arguments>
<arg>10</arg>
</arguments>
<msg timestamp="20200108 21:17:45.128" level="INFO">Slept 10 seconds</msg>
<status status="PASS" starttime="20200108 21:17:35.127" endtime="20200108 21:17:45.128"></status>
</kw>
<kw name="Log" library="BuiltIn">
<doc>Logs the given message with the given level.</doc>
<arguments>
<arg>2</arg>
</arguments>
<msg timestamp="20200108 21:17:45.128" level="INFO">2</msg>
<status status="PASS" starttime="20200108 21:17:45.128" endtime="20200108 21:17:45.128"></status>
</kw>
<status status="PASS" starttime="20200108 21:17:35.126" endtime="20200108 21:17:45.128" critical="yes"></status>
</test>
<status status="PASS" starttime="20200108 21:17:35.125" endtime="20200108 21:17:45.129"></status>
</suite>
<status status="PASS" starttime="20200108 21:17:35.108" endtime="20200108 21:17:45.130"></status>
</suite>
<statistics>
<total>
<stat pass="1" fail="0">Critical Tests</stat>
<stat pass="1" fail="0">All Tests</stat>
</total>
<tag>
</tag>
<suite>
<stat pass="1" fail="0" id="s1" name="Test">Test</stat>
<stat pass="1" fail="0" id="s1-s1" name="Test2">Test.Test2</stat>
</suite>
</statistics>
<errors>
<msg timestamp="20200108 21:17:35.104" level="WARN">Automatically parsing other than '*.robot' files is deprecated. Convert 'C:\Users\Cr.sis\Documents\project\testdemo\test\test2.txt' to '*.robot' format or use '--extension' to explicitly configure which files to parse.</msg>
</errors>
</robot>
