<?xml version="1.0" encoding="UTF-8"?>
<robot generator="Robot 3.1.2 (Python 3.7.4 on win32)" generated="20200108 21:17:45.570" rpa="false">
<suite id="s1" name="Test" source="C:\Users\Cr.sis\Documents\project\testdemo\test">
<suite id="s1-s1" name="Test6" source="C:\Users\Cr.sis\Documents\project\testdemo\test\test6.txt">
<test id="s1-s1-t1" name="6">
<kw name="Sleep" library="BuiltIn">
<doc>Pauses the test executed for the given time.</doc>
<arguments>
<arg>10</arg>
</arguments>
<msg timestamp="20200108 21:17:55.591" level="INFO">Slept 10 seconds</msg>
<status status="PASS" starttime="20200108 21:17:45.589" endtime="20200108 21:17:55.591"></status>
</kw>
<kw name="Log" library="BuiltIn">
<doc>Logs the given message with the given level.</doc>
<arguments>
<arg>6</arg>
</arguments>
<msg timestamp="20200108 21:17:55.591" level="INFO">6</msg>
<status status="PASS" starttime="20200108 21:17:55.591" endtime="20200108 21:17:55.591"></status>
</kw>
<status status="PASS" starttime="20200108 21:17:45.589" endtime="20200108 21:17:55.591" critical="yes"></status>
</test>
<status status="PASS" starttime="20200108 21:17:45.588" endtime="20200108 21:17:55.592"></status>
</suite>
<status status="PASS" starttime="20200108 21:17:45.571" endtime="20200108 21:17:55.593"></status>
</suite>
<statistics>
<total>
<stat pass="1" fail="0">Critical Tests</stat>
<stat pass="1" fail="0">All Tests</stat>
</total>
<tag>
</tag>
<suite>
<stat pass="1" fail="0" id="s1" name="Test">Test</stat>
<stat pass="1" fail="0" id="s1-s1" name="Test6">Test.Test6</stat>
</suite>
</statistics>
<errors>
<msg timestamp="20200108 21:17:45.567" level="WARN">Automatically parsing other than '*.robot' files is deprecated. Convert 'C:\Users\Cr.sis\Documents\project\testdemo\test\test6.txt' to '*.robot' format or use '--extension' to explicitly configure which files to parse.</msg>
</errors>
</robot>
